2025-09-22T14:54:27.192+05:30  INFO 57951 --- [hotelsearch] [restartedMain] c.hg.hotelsearch.HotelsearchApplication  : Starting HotelsearchApplication using Java 24.0.2 with PID 57951 (/Users/ginkalayugendhar/Downloads/hotelsearch/target/classes started by ginkalayugendhar in /Users/ginkalayugendhar/Downloads/hotelsearch)
2025-09-22T14:54:27.193+05:30  INFO 57951 --- [hotelsearch] [restartedMain] c.hg.hotelsearch.HotelsearchApplication  : No active profile set, falling back to 1 default profile: "default"
2025-09-22T14:54:27.217+05:30  INFO 57951 --- [hotelsearch] [restartedMain] .e.DevToolsPropertyDefaultsPostProcessor : Devtools property defaults active! Set 'spring.devtools.add-properties' to 'false' to disable
2025-09-22T14:54:27.217+05:30  INFO 57951 --- [hotelsearch] [restartedMain] .e.DevToolsPropertyDefaultsPostProcessor : For additional web related logging consider setting the 'logging.level.web' property to 'DEBUG'
2025-09-22T14:54:27.609+05:30  INFO 57951 --- [hotelsearch] [restartedMain] .s.d.r.c.RepositoryConfigurationDelegate : Bootstrapping Spring Data JPA repositories in DEFAULT mode.
2025-09-22T14:54:27.640+05:30  INFO 57951 --- [hotelsearch] [restartedMain] .s.d.r.c.RepositoryConfigurationDelegate : Finished Spring Data repository scanning in 26 ms. Found 2 JPA repository interfaces.
2025-09-22T14:54:27.928+05:30  INFO 57951 --- [hotelsearch] [restartedMain] o.s.b.w.embedded.tomcat.TomcatWebServer  : Tomcat initialized with port 8080 (http)
2025-09-22T14:54:27.938+05:30  INFO 57951 --- [hotelsearch] [restartedMain] o.apache.catalina.core.StandardService   : Starting service [Tomcat]
2025-09-22T14:54:27.938+05:30  INFO 57951 --- [hotelsearch] [restartedMain] o.apache.catalina.core.StandardEngine    : Starting Servlet engine: [Apache Tomcat/10.1.44]
2025-09-22T14:54:27.958+05:30  INFO 57951 --- [hotelsearch] [restartedMain] o.a.c.c.C.[Tomcat].[localhost].[/]       : Initializing Spring embedded WebApplicationContext
2025-09-22T14:54:27.958+05:30  INFO 57951 --- [hotelsearch] [restartedMain] w.s.c.ServletWebServerApplicationContext : Root WebApplicationContext: initialization completed in 741 ms
2025-09-22T14:54:28.253+05:30  INFO 57951 --- [hotelsearch] [restartedMain] o.s.o.j.p.SpringPersistenceUnitInfo      : No LoadTimeWeaver setup: ignoring JPA class transformer
2025-09-22T14:54:28.269+05:30  INFO 57951 --- [hotelsearch] [restartedMain] com.zaxxer.hikari.HikariDataSource       : HikariPool-1 - Starting...
2025-09-22T14:54:28.456+05:30  INFO 57951 --- [hotelsearch] [restartedMain] com.zaxxer.hikari.pool.HikariPool        : HikariPool-1 - Added connection com.mysql.cj.jdbc.ConnectionImpl@6a7edb9
2025-09-22T14:54:28.457+05:30  INFO 57951 --- [hotelsearch] [restartedMain] com.zaxxer.hikari.HikariDataSource       : HikariPool-1 - Start completed.
2025-09-22T14:54:28.980+05:30  INFO 57951 --- [hotelsearch] [restartedMain] j.LocalContainerEntityManagerFactoryBean : Initialized JPA EntityManagerFactory for persistence unit 'default'
2025-09-22T14:54:29.197+05:30  WARN 57951 --- [hotelsearch] [restartedMain] JpaBaseConfiguration$JpaWebConfiguration : spring.jpa.open-in-view is enabled by default. Therefore, database queries may be performed during view rendering. Explicitly configure spring.jpa.open-in-view to disable this warning
2025-09-22T14:54:29.218+05:30  INFO 57951 --- [hotelsearch] [restartedMain] o.s.v.b.OptionalValidatorFactoryBean     : Failed to set up a Bean Validation provider: jakarta.validation.NoProviderFoundException: Unable to create a Configuration, because no Jakarta Bean Validation provider could be found. Add a provider like Hibernate Validator (RI) to your classpath.
2025-09-22T14:54:29.386+05:30  INFO 57951 --- [hotelsearch] [restartedMain] o.s.b.d.a.OptionalLiveReloadServer       : LiveReload server is running on port 35729
2025-09-22T14:54:29.403+05:30  INFO 57951 --- [hotelsearch] [restartedMain] o.s.b.w.embedded.tomcat.TomcatWebServer  : Tomcat started on port 8080 (http) with context path '/'
2025-09-22T14:54:29.414+05:30  INFO 57951 --- [hotelsearch] [restartedMain] c.hg.hotelsearch.HotelsearchApplication  : Started HotelsearchApplication in 2.536 seconds (process running for 2.809)
2025-09-22T14:59:21.507+05:30  INFO 57951 --- [hotelsearch] [http-nio-8080-exec-1] o.a.c.c.C.[Tomcat].[localhost].[/]       : Initializing Spring DispatcherServlet 'dispatcherServlet'
2025-09-22T14:59:21.514+05:30  INFO 57951 --- [hotelsearch] [http-nio-8080-exec-1] o.s.web.servlet.DispatcherServlet        : Initializing Servlet 'dispatcherServlet'
2025-09-22T14:59:21.523+05:30  INFO 57951 --- [hotelsearch] [http-nio-8080-exec-1] o.s.web.servlet.DispatcherServlet        : Completed initialization in 9 ms
2025-09-22T14:59:21.625+05:30  INFO 57951 --- [hotelsearch] [http-nio-8080-exec-1] c.h.h.controller.UserController          : Request to create user: alice123
2025-09-22T14:59:21.625+05:30  INFO 57951 --- [hotelsearch] [http-nio-8080-exec-1] com.hg.hotelsearch.service.UserService   : Creating user: alice123
2025-09-22T15:00:38.882+05:30  INFO 57951 --- [hotelsearch] [http-nio-8080-exec-5] c.h.h.controller.HotelController         : Request to create hotel: Taj Banjara
2025-09-22T15:00:38.884+05:30  INFO 57951 --- [hotelsearch] [http-nio-8080-exec-5] c.hg.hotelsearch.service.HotelService    : Creating hotel: Taj Banjara
2025-09-22T15:01:14.926+05:30  INFO 57951 --- [hotelsearch] [http-nio-8080-exec-6] c.h.h.controller.HotelController         : Fetching all hotels
2025-09-22T15:01:14.928+05:30  INFO 57951 --- [hotelsearch] [http-nio-8080-exec-6] c.hg.hotelsearch.service.HotelService    : Fetching all hotels...
2025-09-22T15:01:43.751+05:30  INFO 57951 --- [hotelsearch] [http-nio-8080-exec-7] c.h.h.controller.UserController          : Fetching all users
2025-09-22T15:01:43.752+05:30  INFO 57951 --- [hotelsearch] [http-nio-8080-exec-7] com.hg.hotelsearch.service.UserService   : Fetching all users...
2025-09-22T15:02:32.349+05:30  INFO 57951 --- [hotelsearch] [http-nio-8080-exec-8] c.h.h.controller.UserController          : Fetching hotels for user ID: 1
2025-09-22T15:02:32.350+05:30  INFO 57951 --- [hotelsearch] [http-nio-8080-exec-8] com.hg.hotelsearch.service.UserService   : Fetching hotels for user ID: 1
2025-09-22T15:02:32.487+05:30  WARN 57951 --- [hotelsearch] [http-nio-8080-exec-8] c.h.h.controller.UserController          : No hotels found for user ID: 1
2025-09-22T15:08:11.964+05:30  INFO 57951 --- [hotelsearch] [SpringApplicationShutdownHook] o.s.b.w.e.tomcat.GracefulShutdown        : Commencing graceful shutdown. Waiting for active requests to complete
2025-09-22T15:08:11.991+05:30  INFO 57951 --- [hotelsearch] [tomcat-shutdown] o.s.b.w.e.tomcat.GracefulShutdown        : Graceful shutdown complete
2025-09-22T15:08:11.995+05:30  INFO 57951 --- [hotelsearch] [SpringApplicationShutdownHook] j.LocalContainerEntityManagerFactoryBean : Closing JPA EntityManagerFactory for persistence unit 'default'
2025-09-22T15:08:12.001+05:30  INFO 57951 --- [hotelsearch] [SpringApplicationShutdownHook] com.zaxxer.hikari.HikariDataSource       : HikariPool-1 - Shutdown initiated...
2025-09-22T15:08:12.012+05:30  INFO 57951 --- [hotelsearch] [SpringApplicationShutdownHook] com.zaxxer.hikari.HikariDataSource       : HikariPool-1 - Shutdown completed.
2025-09-22T15:08:18.288+05:30  INFO 58210 --- [hotelsearch] [restartedMain] c.hg.hotelsearch.HotelsearchApplication  : Starting HotelsearchApplication using Java 24.0.2 with PID 58210 (/Users/ginkalayugendhar/Downloads/hotelsearch/target/classes started by ginkalayugendhar in /Users/ginkalayugendhar/Downloads/hotelsearch)
2025-09-22T15:08:18.290+05:30  INFO 58210 --- [hotelsearch] [restartedMain] c.hg.hotelsearch.HotelsearchApplication  : No active profile set, falling back to 1 default profile: "default"
2025-09-22T15:08:18.323+05:30  INFO 58210 --- [hotelsearch] [restartedMain] .e.DevToolsPropertyDefaultsPostProcessor : Devtools property defaults active! Set 'spring.devtools.add-properties' to 'false' to disable
2025-09-22T15:08:18.324+05:30  INFO 58210 --- [hotelsearch] [restartedMain] .e.DevToolsPropertyDefaultsPostProcessor : For additional web related logging consider setting the 'logging.level.web' property to 'DEBUG'
2025-09-22T15:08:18.748+05:30  INFO 58210 --- [hotelsearch] [restartedMain] .s.d.r.c.RepositoryConfigurationDelegate : Bootstrapping Spring Data JPA repositories in DEFAULT mode.
2025-09-22T15:08:18.777+05:30  INFO 58210 --- [hotelsearch] [restartedMain] .s.d.r.c.RepositoryConfigurationDelegate : Finished Spring Data repository scanning in 23 ms. Found 2 JPA repository interfaces.
2025-09-22T15:08:19.118+05:30  INFO 58210 --- [hotelsearch] [restartedMain] o.s.b.w.embedded.tomcat.TomcatWebServer  : Tomcat initialized with port 8080 (http)
2025-09-22T15:08:19.129+05:30  INFO 58210 --- [hotelsearch] [restartedMain] o.apache.catalina.core.StandardService   : Starting service [Tomcat]
2025-09-22T15:08:19.129+05:30  INFO 58210 --- [hotelsearch] [restartedMain] o.apache.catalina.core.StandardEngine    : Starting Servlet engine: [Apache Tomcat/10.1.44]
2025-09-22T15:08:19.149+05:30  INFO 58210 --- [hotelsearch] [restartedMain] o.a.c.c.C.[Tomcat].[localhost].[/]       : Initializing Spring embedded WebApplicationContext
2025-09-22T15:08:19.150+05:30  INFO 58210 --- [hotelsearch] [restartedMain] w.s.c.ServletWebServerApplicationContext : Root WebApplicationContext: initialization completed in 826 ms
2025-09-22T15:08:19.516+05:30  INFO 58210 --- [hotelsearch] [restartedMain] o.s.o.j.p.SpringPersistenceUnitInfo      : No LoadTimeWeaver setup: ignoring JPA class transformer
2025-09-22T15:08:19.535+05:30  INFO 58210 --- [hotelsearch] [restartedMain] com.zaxxer.hikari.HikariDataSource       : HikariPool-1 - Starting...
2025-09-22T15:08:19.681+05:30  INFO 58210 --- [hotelsearch] [restartedMain] com.zaxxer.hikari.pool.HikariPool        : HikariPool-1 - Added connection com.mysql.cj.jdbc.ConnectionImpl@3fa3832c
2025-09-22T15:08:19.682+05:30  INFO 58210 --- [hotelsearch] [restartedMain] com.zaxxer.hikari.HikariDataSource       : HikariPool-1 - Start completed.
2025-09-22T15:08:20.147+05:30  INFO 58210 --- [hotelsearch] [restartedMain] j.LocalContainerEntityManagerFactoryBean : Initialized JPA EntityManagerFactory for persistence unit 'default'
2025-09-22T15:08:20.371+05:30  WARN 58210 --- [hotelsearch] [restartedMain] JpaBaseConfiguration$JpaWebConfiguration : spring.jpa.open-in-view is enabled by default. Therefore, database queries may be performed during view rendering. Explicitly configure spring.jpa.open-in-view to disable this warning
2025-09-22T15:08:20.393+05:30  INFO 58210 --- [hotelsearch] [restartedMain] o.s.v.b.OptionalValidatorFactoryBean     : Failed to set up a Bean Validation provider: jakarta.validation.NoProviderFoundException: Unable to create a Configuration, because no Jakarta Bean Validation provider could be found. Add a provider like Hibernate Validator (RI) to your classpath.
2025-09-22T15:08:20.567+05:30  INFO 58210 --- [hotelsearch] [restartedMain] o.s.b.d.a.OptionalLiveReloadServer       : LiveReload server is running on port 35729
2025-09-22T15:08:20.585+05:30  INFO 58210 --- [hotelsearch] [restartedMain] o.s.b.w.embedded.tomcat.TomcatWebServer  : Tomcat started on port 8080 (http) with context path '/'
2025-09-22T15:08:20.592+05:30  INFO 58210 --- [hotelsearch] [restartedMain] c.hg.hotelsearch.HotelsearchApplication  : Started HotelsearchApplication in 2.593 seconds (process running for 2.864)
2025-09-22T15:08:28.717+05:30  INFO 58210 --- [hotelsearch] [http-nio-8080-exec-1] o.a.c.c.C.[Tomcat].[localhost].[/]       : Initializing Spring DispatcherServlet 'dispatcherServlet'
2025-09-22T15:08:28.718+05:30  INFO 58210 --- [hotelsearch] [http-nio-8080-exec-1] o.s.web.servlet.DispatcherServlet        : Initializing Servlet 'dispatcherServlet'
2025-09-22T15:08:28.728+05:30  INFO 58210 --- [hotelsearch] [http-nio-8080-exec-1] o.s.web.servlet.DispatcherServlet        : Completed initialization in 10 ms
2025-09-22T15:08:28.805+05:30  INFO 58210 --- [hotelsearch] [http-nio-8080-exec-1] c.h.h.controller.UserController          : Fetching hotels for user ID: 1
2025-09-22T15:08:28.805+05:30  INFO 58210 --- [hotelsearch] [http-nio-8080-exec-1] com.hg.hotelsearch.service.UserService   : Fetching hotels for user ID: 1
2025-09-22T15:20:23.172+05:30  INFO 58210 --- [hotelsearch] [http-nio-8080-exec-5] c.h.h.controller.HotelController         : Fetching all hotels
2025-09-22T15:20:23.175+05:30  INFO 58210 --- [hotelsearch] [http-nio-8080-exec-5] c.hg.hotelsearch.service.HotelService    : Fetching all hotels...
2025-09-22T15:20:46.766+05:30  INFO 58210 --- [hotelsearch] [http-nio-8080-exec-6] c.h.h.controller.UserController          : Fetching hotels for user ID: 1
2025-09-22T15:20:46.768+05:30  INFO 58210 --- [hotelsearch] [http-nio-8080-exec-6] com.hg.hotelsearch.service.UserService   : Fetching hotels for user ID: 1
2025-09-22T18:35:49.662+05:30  INFO 58210 --- [hotelsearch] [SpringApplicationShutdownHook] o.s.b.w.e.tomcat.GracefulShutdown        : Commencing graceful shutdown. Waiting for active requests to complete
2025-09-22T18:35:49.711+05:30  INFO 58210 --- [hotelsearch] [tomcat-shutdown] o.s.b.w.e.tomcat.GracefulShutdown        : Graceful shutdown complete
2025-09-22T18:35:49.740+05:30  INFO 58210 --- [hotelsearch] [SpringApplicationShutdownHook] j.LocalContainerEntityManagerFactoryBean : Closing JPA EntityManagerFactory for persistence unit 'default'
2025-09-22T18:35:49.791+05:30  INFO 58210 --- [hotelsearch] [SpringApplicationShutdownHook] com.zaxxer.hikari.HikariDataSource       : HikariPool-1 - Shutdown initiated...
2025-09-22T18:35:49.800+05:30  INFO 58210 --- [hotelsearch] [SpringApplicationShutdownHook] com.zaxxer.hikari.HikariDataSource       : HikariPool-1 - Shutdown completed.
